2023-11-18 17:26:27 Loading main app package /usr/lib/obsidian/obsidian.asar
2023-11-18 17:26:27 Checking for update using Github
2023-11-18 17:26:27 Success.
2023-11-18 17:26:27 Latest version is 1.4.16
2023-11-18 17:26:27 App is up to date.
2023-11-22 10:59:16 Loading main app package /usr/lib/obsidian/obsidian.asar
2023-11-22 10:59:16 Checking for update using Github
2023-11-22 10:59:16 Success.
2023-11-22 10:59:16 Latest version is 1.4.16
2023-11-22 10:59:16 App is up to date.
2023-11-22 11:59:16 Checking for update using Github
2023-11-22 11:59:16 Success.
2023-11-22 11:59:16 Latest version is 1.4.16
2023-11-22 11:59:16 App is up to date.
2023-11-22 12:46:20 Loading main app package /usr/lib/obsidian/obsidian.asar
2023-11-22 12:46:20 Checking for update using Github
2023-11-22 12:46:20 Success.
2023-11-22 12:46:20 Latest version is 1.4.16
2023-11-22 12:46:20 App is up to date.
2023-11-22 14:58:33 Loading main app package /usr/lib/obsidian/obsidian.asar
2023-11-22 14:58:34 Checking for update using Github
2023-11-22 14:58:34 Success.
2023-11-22 14:58:34 Latest version is 1.4.16
2023-11-22 14:58:34 App is up to date.
2023-11-22 15:58:33 Checking for update using Github
2023-11-22 15:58:34 Success.
2023-11-22 15:58:34 Latest version is 1.4.16
2023-11-22 15:58:34 App is up to date.
2023-11-24 10:43:24 Loading main app package /usr/lib/obsidian/obsidian.asar
2023-11-24 10:43:24 Checking for update using Github
2023-11-24 10:43:25 Success.
2023-11-24 10:43:25 Latest version is 1.4.16
2023-11-24 10:43:25 App is up to date.
2023-11-24 11:43:24 Checking for update using Github
2023-11-24 11:43:25 Success.
2023-11-24 11:43:25 Latest version is 1.4.16
2023-11-24 11:43:25 App is up to date.
2023-11-24 12:43:24 Checking for update using Github
2023-11-24 12:43:25 Success.
2023-11-24 12:43:25 Latest version is 1.4.16
2023-11-24 12:43:25 App is up to date.
2023-11-24 13:43:24 Checking for update using Github
2023-11-24 13:43:25 Success.
2023-11-24 13:43:25 Latest version is 1.4.16
2023-11-24 13:43:25 App is up to date.
2023-11-24 13:57:07 Loading main app package /usr/lib/obsidian/obsidian.asar
2023-11-24 13:57:07 Checking for update using Github
2023-11-24 13:57:08 Success.
2023-11-24 13:57:08 Latest version is 1.4.16
2023-11-24 13:57:08 App is up to date.
2023-11-24 14:57:07 Checking for update using Github
2023-11-24 14:57:08 Success.
2023-11-24 14:57:08 Latest version is 1.4.16
2023-11-24 14:57:08 App is up to date.
2023-11-27 07:14:46 Loading main app package /usr/lib/obsidian/obsidian.asar
2023-11-27 07:14:47 Checking for update using Github
2023-11-27 07:14:47 Success.
2023-11-27 07:14:47 Latest version is 1.4.16
2023-11-27 07:14:47 App is up to date.
